* using log directory 'E:/Dropbox/R_project/fastDummies/revdep/checks/DMCFB/old/DMCFB.Rcheck'
* using R version 4.3.1 (2023-06-16 ucrt)
* using platform: x86_64-w64-mingw32 (64-bit)
* R was compiled by
    gcc.exe (GCC) 12.2.0
    GNU Fortran (GCC) 12.2.0
* running under: Windows 10 x64 (build 19045)
* using session charset: UTF-8
* using options '--no-manual --no-build-vignettes'
* checking for file 'DMCFB/DESCRIPTION' ... OK
* checking extension type ... Package
* this is package 'DMCFB' version '1.14.0'
* package encoding: UTF-8
* checking package namespace information ... OK
* checking package dependencies ... OK
* checking if this is a source package ... OK
* checking if there is a namespace ... OK
* checking for executable files ... OK
* checking for hidden files and directories ... OK
* checking for portable file names ... OK
* checking whether package 'DMCFB' can be installed ... OK
* checking installed package size ... OK
* checking package directory ... OK
* checking 'build' directory ... OK
* checking DESCRIPTION meta-information ... OK
* checking top-level files ... OK
* checking for left-over files ... OK
* checking index information ... OK
* checking package subdirectories ... OK
* checking R files for non-ASCII characters ... OK
* checking R files for syntax errors ... OK
* checking whether the package can be loaded ... OK
* checking whether the package can be loaded with stated dependencies ... OK
* checking whether the package can be unloaded cleanly ... OK
* checking whether the namespace can be loaded with stated dependencies ... OK
* checking whether the namespace can be unloaded cleanly ... OK
* checking loading without being on the library search path ... OK
* checking startup messages can be suppressed ... OK
* checking dependencies in R code ... OK
* checking S3 generic/method consistency ... OK
* checking replacement functions ... OK
* checking foreign function calls ... OK
* checking R code for possible problems ... OK
* checking Rd files ... OK
* checking Rd metadata ... OK
* checking Rd cross-references ... OK
* checking for missing documentation entries ... OK
* checking for code/documentation mismatches ... OK
* checking Rd \usage sections ... OK
* checking Rd contents ... OK
* checking for unstated dependencies in examples ... OK
* checking installed files from 'inst/doc' ... OK
* checking files in 'vignettes' ... OK
* checking examples ... ERROR
Running examples in 'DMCFB-Ex.R' failed
The error most likely occurred in:

> ### Name: findDMCFB-method
> ### Title: findDMCFB method
> ### Aliases: findDMCFB-method findDMCFB,BSDMC-method findDMCFB
> 
> ### ** Examples
> 
> set.seed(1980)
> nr <- 1000
> nc <- 4
> metht <- matrix(as.integer(runif(nr * nc, 0, 100)), nr)
> methc <- matrix(rbinom(n = nr * nc, c(metht), prob = runif(nr * nc)), nr, nc)
> methl <- methc / metht
> r1 <- GRanges(rep("chr1", nr), IRanges(1:nr, width = 1), strand = "*")
> names(r1) <- 1:nr
> cd1 <- DataFrame(
+   Group = rep(c("G1", "G2"), each = nc / 2),
+   row.names = LETTERS[1:nc]
+ )
> OBJ1 <- cBSDMC(
+   rowRanges = r1, methReads = methc, totalReads = metht,
+   methLevels = methl, colData = cd1
+ )
> OBJ2 <- findDMCFB(OBJ1,
+   bwa = 10, bwb = 10, nBurn = 50, nMC = 50, nThin = 1,
+   alpha = 0.05, nCores = 2, pSize = 500, sfiles = FALSE
+ )
------------------------------------------------------------
Running Bayesian functional regression model ...
The priors's SD = 0.3033, estimated from data ... 
Warning: 'memory.size()' is no longer supported
Number of assigned cores: 2 ... 
------------------------------------------------------------
Fitted model: 
logit(MethRead/ReadDepth) ~ F(Group)
------------------------------------------------------------
Creating 1 batches of genomic positions ...
Running batch 1/1; chr1; 1000 positions; Region [   1, 1000]; Date 2023-07-04 17:10:13.171306
Loading required package: DMCFB
Warning in library(package, lib.loc = lib.loc, character.only = TRUE, logical.return = TRUE,  :
  there is no package called 'DMCFB'

Loading required package: DMCFB
Warning in library(package, lib.loc = lib.loc, character.only = TRUE, logical.return = TRUE,  :
  there is no package called 'DMCFB'

Error: BiocParallel errors
  2 remote errors, element index: 1, 2
  0 unevaluated and other errors
  first remote error:
Error in .requirePackage(package): unable to find required package 'DMCFB'
Execution halted
* checking for unstated dependencies in 'tests' ... OK
* checking tests ... ERROR
  Running 'testthat.R'
Running the tests in 'tests/testthat.R' failed.
Last 13 lines of output:
  Error in .requirePackage(package): unable to find required package 'DMCFB'
  
  Backtrace:
      ▆
   1. ├─DMCFB::findDMCFB(...) at test-findDMCFB.R:12:4
   2. └─DMCFB::findDMCFB(...)
   3.   └─DMCFB:::.MCMCFB(...)
   4.     └─DMCFB (local) .myfun(mylist, .fitpar)
   5.       ├─BiocParallel::bplapply(mylist, .fitpar, BPPARAM = optbp)
   6.       └─BiocParallel::bplapply(mylist, .fitpar, BPPARAM = optbp)
   7.         └─BiocParallel:::.bpinit(...)
  
  [ FAIL 1 | WARN 1 | SKIP 0 | PASS 0 ]
  Error: Test failures
  Execution halted
* checking for unstated dependencies in vignettes ... OK
* checking package vignettes in 'inst/doc' ... OK
* checking running R code from vignettes ... NONE
  'DMCFB.Rmd' using 'UTF-8'... OK
* checking re-building of vignette outputs ... SKIPPED
* DONE
Status: 2 ERRORs
