* installing *source* package 'DMCFB' ...
** using staged installation
** R
** inst
** byte-compile and prepare package for lazy loading
Warning messages:
1: package 'SummarizedExperiment' was built under R version 4.0.3 
2: package 'MatrixGenerics' was built under R version 4.0.3 
3: package 'matrixStats' was built under R version 4.0.3 
4: package 'GenomicRanges' was built under R version 4.0.3 
5: package 'BiocGenerics' was built under R version 4.0.3 
6: package 'S4Vectors' was built under R version 4.0.3 
7: package 'IRanges' was built under R version 4.0.3 
8: package 'GenomeInfoDb' was built under R version 4.0.3 
9: package 'Biobase' was built under R version 4.0.3 
10: package 'BiocParallel' was built under R version 4.0.3 
** help
*** installing help indices
** building package indices
** installing vignettes
** testing if installed package can be loaded from temporary location
*** arch - i386
Warning: package 'SummarizedExperiment' was built under R version 4.0.3
Warning: package 'MatrixGenerics' was built under R version 4.0.3
Warning: package 'matrixStats' was built under R version 4.0.3
Warning: package 'GenomicRanges' was built under R version 4.0.3
Warning: package 'BiocGenerics' was built under R version 4.0.3
Warning: package 'S4Vectors' was built under R version 4.0.3
Warning: package 'IRanges' was built under R version 4.0.3
Warning: package 'GenomeInfoDb' was built under R version 4.0.3
Warning: package 'Biobase' was built under R version 4.0.3
Warning: package 'BiocParallel' was built under R version 4.0.3
*** arch - x64
Warning: package 'SummarizedExperiment' was built under R version 4.0.3
Warning: package 'MatrixGenerics' was built under R version 4.0.3
Warning: package 'matrixStats' was built under R version 4.0.3
Warning: package 'GenomicRanges' was built under R version 4.0.3
Warning: package 'BiocGenerics' was built under R version 4.0.3
Warning: package 'S4Vectors' was built under R version 4.0.3
Warning: package 'IRanges' was built under R version 4.0.3
Warning: package 'GenomeInfoDb' was built under R version 4.0.3
Warning: package 'Biobase' was built under R version 4.0.3
Warning: package 'BiocParallel' was built under R version 4.0.3
** testing if installed package can be loaded from final location
*** arch - i386
Warning: package 'SummarizedExperiment' was built under R version 4.0.3
Warning: package 'MatrixGenerics' was built under R version 4.0.3
Warning: package 'matrixStats' was built under R version 4.0.3
Warning: package 'GenomicRanges' was built under R version 4.0.3
Warning: package 'BiocGenerics' was built under R version 4.0.3
Warning: package 'S4Vectors' was built under R version 4.0.3
Warning: package 'IRanges' was built under R version 4.0.3
Warning: package 'GenomeInfoDb' was built under R version 4.0.3
Warning: package 'Biobase' was built under R version 4.0.3
Warning: package 'BiocParallel' was built under R version 4.0.3
*** arch - x64
Warning: package 'SummarizedExperiment' was built under R version 4.0.3
Warning: package 'MatrixGenerics' was built under R version 4.0.3
Warning: package 'matrixStats' was built under R version 4.0.3
Warning: package 'GenomicRanges' was built under R version 4.0.3
Warning: package 'BiocGenerics' was built under R version 4.0.3
Warning: package 'S4Vectors' was built under R version 4.0.3
Warning: package 'IRanges' was built under R version 4.0.3
Warning: package 'GenomeInfoDb' was built under R version 4.0.3
Warning: package 'Biobase' was built under R version 4.0.3
Warning: package 'BiocParallel' was built under R version 4.0.3
** testing if installed package keeps a record of temporary installation path
* DONE (DMCFB)
