* using log directory 'C:/Users/user/Dropbox/R_project/fastDummies/revdep/checks/bnpa/new/bnpa.Rcheck'
* using R version 3.6.1 (2019-07-05)
* using platform: x86_64-w64-mingw32 (64-bit)
* using session charset: ISO8859-1
* using options '--no-manual --no-build-vignettes'
* checking for file 'bnpa/DESCRIPTION' ... OK
* checking extension type ... Package
* this is package 'bnpa' version '0.3.0'
* package encoding: UTF-8
* checking package namespace information ... OK
* checking package dependencies ... OK
* checking if this is a source package ... OK
* checking if there is a namespace ... OK
* checking for .dll and .exe files ... OK
* checking for hidden files and directories ... OK
* checking for portable file names ... OK
* checking whether package 'bnpa' can be installed ... OK
* checking package directory ... OK
* checking DESCRIPTION meta-information ... OK
* checking top-level files ... OK
* checking for left-over files ... OK
* checking index information ... OK
* checking package subdirectories ... OK
* checking R files for non-ASCII characters ... OK
* checking R files for syntax errors ... OK
* checking whether the package can be loaded ... OK
* checking whether the package can be loaded with stated dependencies ... OK
* checking whether the package can be unloaded cleanly ... OK
* checking whether the namespace can be loaded with stated dependencies ... OK
* checking whether the namespace can be unloaded cleanly ... OK
* checking loading without being on the library search path ... OK
* checking dependencies in R code ... NOTE
WARNING: Initial Java 12 release has broken JNI support and does NOT work. Use stable Java 11 (or watch for 12u if avaiable).
ERROR: Java exception occurred during rJava bootstrap - see stderr for Java stack trace.
Exception in thread "main" java.lang.NullPointerException
	at java.base/jdk.internal.reflect.Reflection.verifyMemberAccess(Reflection.java:130)
	at java.base/java.lang.reflect.AccessibleObject.slowVerifyAccess(AccessibleObject.java:673)
	at java.base/java.lang.reflect.AccessibleObject.verifyAccess(AccessibleObject.java:666)
	at java.base/java.lang.reflect.AccessibleObject.checkAccess(AccessibleObject.java:638)
	at java.base/java.lang.reflect.Field.checkAccess(Field.java:1075)
	at java.base/java.lang.reflect.Field.get(Field.java:416)
Namespaces in Imports field not imported from:
  'Rgraphviz' 'fastDummies'
  All declared Imports should be used.
* checking S3 generic/method consistency ... OK
* checking replacement functions ... OK
* checking foreign function calls ... OK
* checking R code for possible problems ... OK
* checking Rd files ... OK
* checking Rd metadata ... OK
* checking Rd cross-references ... OK
* checking for missing documentation entries ... OK
* checking for code/documentation mismatches ... OK
* checking Rd \usage sections ... OK
* checking Rd contents ... OK
* checking for unstated dependencies in examples ... OK
* checking contents of 'data' directory ... OK
* checking data for non-ASCII characters ... OK
* checking data for ASCII and uncompressed saves ... OK
* checking examples ... OK
* DONE
Status: 1 NOTE
